  main.cpp
e:\usuario\ruben\universidad\4o curso (2016-2017)\abp\tba\desarrollo\motor\motor\shader.h(59): warning C4101: 'infoLog': variable local sin referencia
e:\usuario\ruben\universidad\4o curso (2016-2017)\abp\tba\desarrollo\motor\motor\shader.h(58): warning C4101: 'success': variable local sin referencia
c:\program files (x86)\windows kits\8.1\include\shared\minwindef.h(130): warning C4005: 'APIENTRY': redefinición de macro
  e:\usuario\ruben\universidad\4o curso (2016-2017)\abp\tba\desarrollo\motor\includes\glfw\glfw3.h(98): note: vea la definición anterior de 'APIENTRY'
  TNode.cpp
e:\usuario\ruben\universidad\4o curso (2016-2017)\abp\tba\desarrollo\motor\motor\shader.h(59): warning C4101: 'infoLog': variable local sin referencia
e:\usuario\ruben\universidad\4o curso (2016-2017)\abp\tba\desarrollo\motor\motor\shader.h(58): warning C4101: 'success': variable local sin referencia
e:\usuario\ruben\universidad\4o curso (2016-2017)\abp\tba\desarrollo\motor\motor\tnode.cpp(61): warning C4018: '<': no coinciden signed/unsigned
e:\usuario\ruben\universidad\4o curso (2016-2017)\abp\tba\desarrollo\motor\motor\tnode.cpp(70): warning C4018: '<': no coinciden signed/unsigned
  TModel.cpp
e:\usuario\ruben\universidad\4o curso (2016-2017)\abp\tba\desarrollo\motor\motor\shader.h(59): warning C4101: 'infoLog': variable local sin referencia
e:\usuario\ruben\universidad\4o curso (2016-2017)\abp\tba\desarrollo\motor\motor\shader.h(58): warning C4101: 'success': variable local sin referencia
  TMeshNode.cpp
e:\usuario\ruben\universidad\4o curso (2016-2017)\abp\tba\desarrollo\motor\motor\shader.h(59): warning C4101: 'infoLog': variable local sin referencia
e:\usuario\ruben\universidad\4o curso (2016-2017)\abp\tba\desarrollo\motor\motor\shader.h(58): warning C4101: 'success': variable local sin referencia
  TLightNode.cpp
e:\usuario\ruben\universidad\4o curso (2016-2017)\abp\tba\desarrollo\motor\motor\shader.h(59): warning C4101: 'infoLog': variable local sin referencia
e:\usuario\ruben\universidad\4o curso (2016-2017)\abp\tba\desarrollo\motor\motor\shader.h(58): warning C4101: 'success': variable local sin referencia
  TCameraNode.cpp
e:\usuario\ruben\universidad\4o curso (2016-2017)\abp\tba\desarrollo\motor\motor\shader.h(59): warning C4101: 'infoLog': variable local sin referencia
e:\usuario\ruben\universidad\4o curso (2016-2017)\abp\tba\desarrollo\motor\motor\shader.h(58): warning C4101: 'success': variable local sin referencia
  SceneManager.cpp
e:\usuario\ruben\universidad\4o curso (2016-2017)\abp\tba\desarrollo\motor\motor\shader.h(59): warning C4101: 'infoLog': variable local sin referencia
e:\usuario\ruben\universidad\4o curso (2016-2017)\abp\tba\desarrollo\motor\motor\shader.h(58): warning C4101: 'success': variable local sin referencia
  ResourceManager.cpp
e:\usuario\ruben\universidad\4o curso (2016-2017)\abp\tba\desarrollo\motor\motor\shader.h(59): warning C4101: 'infoLog': variable local sin referencia
e:\usuario\ruben\universidad\4o curso (2016-2017)\abp\tba\desarrollo\motor\motor\shader.h(58): warning C4101: 'success': variable local sin referencia
  EngineDevice.cpp
e:\usuario\ruben\universidad\4o curso (2016-2017)\abp\tba\desarrollo\motor\motor\shader.h(59): warning C4101: 'infoLog': variable local sin referencia
e:\usuario\ruben\universidad\4o curso (2016-2017)\abp\tba\desarrollo\motor\motor\shader.h(58): warning C4101: 'success': variable local sin referencia
c:\program files (x86)\windows kits\8.1\include\shared\minwindef.h(130): warning C4005: 'APIENTRY': redefinición de macro
  e:\usuario\ruben\universidad\4o curso (2016-2017)\abp\tba\desarrollo\motor\includes\glfw\glfw3.h(98): note: vea la definición anterior de 'APIENTRY'
e:\usuario\ruben\universidad\4o curso (2016-2017)\abp\tba\desarrollo\motor\motor\enginedevice.cpp(31): warning C4305: 'return': truncamiento de 'int' a 'bool'
e:\usuario\ruben\universidad\4o curso (2016-2017)\abp\tba\desarrollo\motor\motor\enginedevice.cpp(38): warning C4305: 'return': truncamiento de 'int' a 'bool'
e:\usuario\ruben\universidad\4o curso (2016-2017)\abp\tba\desarrollo\motor\motor\enginedevice.cpp(52): warning C4244: '=': conversión de 'int' a 'float'; posible pérdida de datos
e:\usuario\ruben\universidad\4o curso (2016-2017)\abp\tba\desarrollo\motor\motor\enginedevice.cpp(53): warning C4244: '=': conversión de 'int' a 'float'; posible pérdida de datos
e:\usuario\ruben\universidad\4o curso (2016-2017)\abp\tba\desarrollo\motor\motor\enginedevice.cpp(80): warning C4244: 'inicializando': conversión de 'double' a 'GLfloat'; posible pérdida de datos
e:\usuario\ruben\universidad\4o curso (2016-2017)\abp\tba\desarrollo\motor\motor\enginedevice.cpp(89): warning C4244: 'inicializando': conversión de 'double' a 'GLfloat'; posible pérdida de datos
e:\usuario\ruben\universidad\4o curso (2016-2017)\abp\tba\desarrollo\motor\motor\enginedevice.cpp(109): warning C4800: 'int': forzando el valor a bool 'true' o 'false' (advertencia de rendimiento)
  Generando código...
e:\usuario\ruben\universidad\4o curso (2016-2017)\abp\tba\desarrollo\motor\motor\resourcemanager.cpp(69): warning C4715: 'ResourceManager::getTexture': no todas las rutas de acceso de control devuelven un valor
  Motor.vcxproj -> E:\Usuario\Ruben\UNIVERSIDAD\4o Curso (2016-2017)\ABP\TBA\Desarrollo\Motor\Debug\Motor.exe
  Motor.vcxproj -> E:\Usuario\Ruben\UNIVERSIDAD\4o Curso (2016-2017)\ABP\TBA\Desarrollo\Motor\Debug\Motor.pdb (Full PDB)
