e:\usuario\ruben\universidad\4o curso (2016-2017)\abp\tba\desarrollo\motor\motor\debug\vc140.pdb
e:\usuario\ruben\universidad\4o curso (2016-2017)\abp\tba\desarrollo\motor\motor\debug\vc140.idb
e:\usuario\ruben\universidad\4o curso (2016-2017)\abp\tba\desarrollo\motor\motor\debug\billboard.obj
e:\usuario\ruben\universidad\4o curso (2016-2017)\abp\tba\desarrollo\motor\motor\debug\enginedevice.obj
e:\usuario\ruben\universidad\4o curso (2016-2017)\abp\tba\desarrollo\motor\motor\debug\debugmenugui.obj
e:\usuario\ruben\universidad\4o curso (2016-2017)\abp\tba\desarrollo\motor\motor\debug\gui.obj
e:\usuario\ruben\universidad\4o curso (2016-2017)\abp\tba\desarrollo\motor\motor\debug\guimanager.obj
e:\usuario\ruben\universidad\4o curso (2016-2017)\abp\tba\desarrollo\motor\motor\debug\input.obj
e:\usuario\ruben\universidad\4o curso (2016-2017)\abp\tba\desarrollo\motor\motor\debug\main.obj
e:\usuario\ruben\universidad\4o curso (2016-2017)\abp\tba\desarrollo\motor\motor\debug\resourcemanager.obj
e:\usuario\ruben\universidad\4o curso (2016-2017)\abp\tba\desarrollo\motor\motor\debug\scenemanager.obj
e:\usuario\ruben\universidad\4o curso (2016-2017)\abp\tba\desarrollo\motor\motor\debug\tcamera.obj
e:\usuario\ruben\universidad\4o curso (2016-2017)\abp\tba\desarrollo\motor\motor\debug\tcameranode.obj
e:\usuario\ruben\universidad\4o curso (2016-2017)\abp\tba\desarrollo\motor\motor\debug\tentity.obj
e:\usuario\ruben\universidad\4o curso (2016-2017)\abp\tba\desarrollo\motor\motor\debug\texture.obj
e:\usuario\ruben\universidad\4o curso (2016-2017)\abp\tba\desarrollo\motor\motor\debug\tlightnode.obj
e:\usuario\ruben\universidad\4o curso (2016-2017)\abp\tba\desarrollo\motor\motor\debug\tmesh.obj
e:\usuario\ruben\universidad\4o curso (2016-2017)\abp\tba\desarrollo\motor\motor\debug\tmeshnode.obj
e:\usuario\ruben\universidad\4o curso (2016-2017)\abp\tba\desarrollo\motor\motor\debug\tmodel.obj
e:\usuario\ruben\universidad\4o curso (2016-2017)\abp\tba\desarrollo\motor\motor\debug\tspotlight.obj
e:\usuario\ruben\universidad\4o curso (2016-2017)\abp\tba\desarrollo\motor\motor\debug\ttransform.obj
e:\usuario\ruben\universidad\4o curso (2016-2017)\abp\tba\desarrollo\motor\motor\debug\motor.tlog\cl.command.1.tlog
e:\usuario\ruben\universidad\4o curso (2016-2017)\abp\tba\desarrollo\motor\motor\debug\motor.tlog\cl.read.1.tlog
e:\usuario\ruben\universidad\4o curso (2016-2017)\abp\tba\desarrollo\motor\motor\debug\motor.tlog\cl.write.1.tlog
