  main.cpp
d:\ua\cuarto\abp\tba\desarrollo\motor\motor\Shader.h(57): warning C4101: 'infoLog': variable local sin referencia
d:\ua\cuarto\abp\tba\desarrollo\motor\motor\Shader.h(56): warning C4101: 'success': variable local sin referencia
C:\Program Files (x86)\Windows Kits\8.1\Include\shared\minwindef.h(130): warning C4005: 'APIENTRY': redefinición de macro
  D:\UA\CUARTO\ABP\TBA\Desarrollo\Motor\includes\GLFW/glfw3.h(98): note: vea la definición anterior de 'APIENTRY'
     Creando biblioteca D:\UA\CUARTO\ABP\TBA\Desarrollo\Motor\Release\Motor.lib y objeto D:\UA\CUARTO\ABP\TBA\Desarrollo\Motor\Release\Motor.exp
LINK : warning LNK4098: la biblioteca predeterminada'LIBCMT' entra en conflicto con otras bibliotecas; use la biblioteca /NODEFAULTLIB:biblioteca
  Generando código
  98 of 1828 functions ( 5.4%) were compiled, the rest were copied from previous compilation.
    0 functions were new in current compilation
    32 functions had inline decision re-evaluated but remain unchanged
  Generación de código finalizada
ResourceManager.obj : warning LNK4049: se importó el símbolo ___glewLinkProgram definido localmente
ResourceManager.obj : warning LNK4049: se importó el símbolo ___glewDeleteShader definido localmente
ResourceManager.obj : warning LNK4049: se importó el símbolo ___glewGenerateMipmap definido localmente
ResourceManager.obj : warning LNK4049: se importó el símbolo ___glewGetProgramInfoLog definido localmente
ResourceManager.obj : warning LNK4049: se importó el símbolo ___glewShaderSource definido localmente
ResourceManager.obj : warning LNK4049: se importó el símbolo ___glewAttachShader definido localmente
ResourceManager.obj : warning LNK4049: se importó el símbolo ___glewGetProgramiv definido localmente
ResourceManager.obj : warning LNK4049: se importó el símbolo ___glewGetShaderInfoLog definido localmente
ResourceManager.obj : warning LNK4049: se importó el símbolo ___glewCreateProgram definido localmente
ResourceManager.obj : warning LNK4049: se importó el símbolo ___glewCreateShader definido localmente
ResourceManager.obj : warning LNK4049: se importó el símbolo ___glewCompileShader definido localmente
ResourceManager.obj : warning LNK4049: se importó el símbolo ___glewGetShaderiv definido localmente
TMesh.obj : warning LNK4049: se importó el símbolo ___glewGenBuffers definido localmente
TMesh.obj : warning LNK4049: se importó el símbolo ___glewGenVertexArrays definido localmente
TMesh.obj : warning LNK4049: se importó el símbolo ___glewActiveTexture definido localmente
TMesh.obj : warning LNK4049: se importó el símbolo ___glewBufferData definido localmente
TMesh.obj : warning LNK4049: se importó el símbolo ___glewGetUniformLocation definido localmente
TMesh.obj : warning LNK4049: se importó el símbolo ___glewUniform1f definido localmente
TMesh.obj : warning LNK4049: se importó el símbolo ___glewUniform1i definido localmente
TMesh.obj : warning LNK4049: se importó el símbolo ___glewBindBuffer definido localmente
TMesh.obj : warning LNK4049: se importó el símbolo ___glewVertexAttribPointer definido localmente
TMesh.obj : warning LNK4049: se importó el símbolo ___glewBindVertexArray definido localmente
TMesh.obj : warning LNK4049: se importó el símbolo ___glewEnableVertexAttribArray definido localmente
TModel.obj : warning LNK4049: se importó el símbolo ___glewUniformMatrix4fv definido localmente
TModel.obj : warning LNK4049: se importó el símbolo ___glewUseProgram definido localmente
  Motor.vcxproj -> D:\UA\CUARTO\ABP\TBA\Desarrollo\Motor\Release\Motor.exe
  Motor.vcxproj -> D:\UA\CUARTO\ABP\TBA\Desarrollo\Motor\Release\Motor.pdb (Full PDB)
