d:\ua\cuarto\abp\tba\desarrollo\motor\motor\release\vc140.pdb
d:\ua\cuarto\abp\tba\desarrollo\motor\motor\release\ttransform.obj
d:\ua\cuarto\abp\tba\desarrollo\motor\motor\release\tspotlight.obj
d:\ua\cuarto\abp\tba\desarrollo\motor\motor\release\tnode.obj
d:\ua\cuarto\abp\tba\desarrollo\motor\motor\release\tmodel.obj
d:\ua\cuarto\abp\tba\desarrollo\motor\motor\release\tmeshnode.obj
d:\ua\cuarto\abp\tba\desarrollo\motor\motor\release\tmesh.obj
d:\ua\cuarto\abp\tba\desarrollo\motor\motor\release\tlightnode.obj
d:\ua\cuarto\abp\tba\desarrollo\motor\motor\release\texture.obj
d:\ua\cuarto\abp\tba\desarrollo\motor\motor\release\tentity.obj
d:\ua\cuarto\abp\tba\desarrollo\motor\motor\release\tcameranode.obj
d:\ua\cuarto\abp\tba\desarrollo\motor\motor\release\tcamera.obj
d:\ua\cuarto\abp\tba\desarrollo\motor\motor\release\scenemanager.obj
d:\ua\cuarto\abp\tba\desarrollo\motor\motor\release\resourcemanager.obj
d:\ua\cuarto\abp\tba\desarrollo\motor\motor\release\main.obj
d:\ua\cuarto\abp\tba\desarrollo\motor\motor\release\input.obj
d:\ua\cuarto\abp\tba\desarrollo\motor\motor\release\guimanager.obj
d:\ua\cuarto\abp\tba\desarrollo\motor\motor\release\gui.obj
d:\ua\cuarto\abp\tba\desarrollo\motor\motor\release\debugmenugui.obj
d:\ua\cuarto\abp\tba\desarrollo\motor\motor\release\enginedevice.obj
d:\ua\cuarto\abp\tba\desarrollo\motor\motor\release\billboard.obj
d:\ua\cuarto\abp\tba\desarrollo\motor\release\motor.lib
d:\ua\cuarto\abp\tba\desarrollo\motor\release\motor.exp
d:\ua\cuarto\abp\tba\desarrollo\motor\release\motor.pdb
d:\ua\cuarto\abp\tba\desarrollo\motor\motor\release\motor.tlog\cl.command.1.tlog
d:\ua\cuarto\abp\tba\desarrollo\motor\motor\release\motor.tlog\cl.read.1.tlog
d:\ua\cuarto\abp\tba\desarrollo\motor\motor\release\motor.tlog\cl.write.1.tlog
d:\ua\cuarto\abp\tba\desarrollo\motor\motor\release\motor.tlog\link.command.1.tlog
d:\ua\cuarto\abp\tba\desarrollo\motor\motor\release\motor.tlog\link.read.1.tlog
d:\ua\cuarto\abp\tba\desarrollo\motor\motor\release\motor.tlog\link.write.1.tlog
d:\ua\cuarto\abp\tba\desarrollo\motor\motor\release\motor.tlog\motor.write.1u.tlog
