  SceneManager.cpp
e:\usuario\ruben\universidad\4o curso (2016-2017)\abp\tba\desarrollo\motor\motor\scenemanager.cpp(342): warning C4018: '<': no coinciden signed/unsigned
  Generando código...
  Compilando...
  main.cpp
  TTransform.cpp
  TNode.cpp
  TModel.cpp
  TMeshGroup.cpp
  TMesh.cpp
  TLuz.cpp
  TCamera.cpp
  TBillboard.cpp
  TAnimationGroupMesh.cpp
  TAnimation.cpp
  Input.cpp
  EngineDevice.cpp
  AnimationMesh.cpp
  Generando código...
Texture.obj : warning LNK4221: Este archivo de objeto no define ning·n sÝmbolo p·blico que no se haya definido previamente, por lo que no se usarß en ninguna vinculaci¾n que utilice esta biblioteca
  Motor.vcxproj -> E:\Usuario\Ruben\UNIVERSIDAD\4o Curso (2016-2017)\ABP\TBA\Desarrollo\Motor\DebugStatic\Motor.lib
