d:\ua\cuarto\abp\tba\desarrollo\motor\motor\debugstatic\vc140.pdb
d:\ua\cuarto\abp\tba\desarrollo\motor\motor\debugstatic\vc140.idb
d:\ua\cuarto\abp\tba\desarrollo\motor\motor\debugstatic\main.obj
d:\ua\cuarto\abp\tba\desarrollo\motor\motor\debugstatic\resourcemanager.obj
d:\ua\cuarto\abp\tba\desarrollo\motor\motor\debugstatic\scenemanager.obj
d:\ua\cuarto\abp\tba\desarrollo\motor\motor\debugstatic\shader.obj
d:\ua\cuarto\abp\tba\desarrollo\motor\motor\debugstatic\tanimation.obj
d:\ua\cuarto\abp\tba\desarrollo\motor\motor\debugstatic\tanimationgroupmesh.obj
d:\ua\cuarto\abp\tba\desarrollo\motor\motor\debugstatic\tcamera.obj
d:\ua\cuarto\abp\tba\desarrollo\motor\motor\debugstatic\tentity.obj
d:\ua\cuarto\abp\tba\desarrollo\motor\motor\debugstatic\texture.obj
d:\ua\cuarto\abp\tba\desarrollo\motor\motor\debugstatic\tflashlight.obj
d:\ua\cuarto\abp\tba\desarrollo\motor\motor\debugstatic\time.obj
d:\ua\cuarto\abp\tba\desarrollo\motor\motor\debugstatic\tluz.obj
d:\ua\cuarto\abp\tba\desarrollo\motor\motor\debugstatic\tmesh.obj
d:\ua\cuarto\abp\tba\desarrollo\motor\motor\debugstatic\tmeshgroup.obj
d:\ua\cuarto\abp\tba\desarrollo\motor\motor\debugstatic\tmodel.obj
d:\ua\cuarto\abp\tba\desarrollo\motor\motor\debugstatic\tnode.obj
d:\ua\cuarto\abp\tba\desarrollo\motor\motor\debugstatic\tpointlight.obj
d:\ua\cuarto\abp\tba\desarrollo\motor\motor\debugstatic\tsunlight.obj
d:\ua\cuarto\abp\tba\desarrollo\motor\motor\debugstatic\ttransform.obj
d:\ua\cuarto\abp\tba\desarrollo\motor\motor\debugstatic\clockimpl.obj
d:\ua\cuarto\abp\tba\desarrollo\motor\motor\debugstatic\animationmesh.obj
d:\ua\cuarto\abp\tba\desarrollo\motor\motor\debugstatic\animationreader.obj
d:\ua\cuarto\abp\tba\desarrollo\motor\motor\debugstatic\clock.obj
d:\ua\cuarto\abp\tba\desarrollo\motor\motor\debugstatic\enginedevice.obj
d:\ua\cuarto\abp\tba\desarrollo\motor\motor\debugstatic\input.obj
d:\ua\cuarto\abp\tba\desarrollo\motor\debugstatic\motor.ilk
d:\ua\cuarto\abp\tba\desarrollo\motor\debugstatic\motor.exe
d:\ua\cuarto\abp\tba\desarrollo\motor\debugstatic\motor.pdb
d:\ua\cuarto\abp\tba\desarrollo\motor\debugstatic\motor.lib
d:\ua\cuarto\abp\tba\desarrollo\motor\debugstatic\motor.exp
d:\ua\cuarto\abp\tba\desarrollo\motor\motor\debugstatic\motor.tlog\cl.command.1.tlog
d:\ua\cuarto\abp\tba\desarrollo\motor\motor\debugstatic\motor.tlog\cl.read.1.tlog
d:\ua\cuarto\abp\tba\desarrollo\motor\motor\debugstatic\motor.tlog\cl.write.1.tlog
d:\ua\cuarto\abp\tba\desarrollo\motor\motor\debugstatic\motor.tlog\link.command.1.tlog
d:\ua\cuarto\abp\tba\desarrollo\motor\motor\debugstatic\motor.tlog\link.read.1.tlog
d:\ua\cuarto\abp\tba\desarrollo\motor\motor\debugstatic\motor.tlog\link.write.1.tlog
d:\ua\cuarto\abp\tba\desarrollo\motor\motor\debugstatic\motor.tlog\motor.write.1u.tlog
