08/01/2017 02:05:00 (Std) 	+-+-+-+-+-+-+-+-+-+-+-+-+-+-+-+-+-+-+-+-+-+-+-+-+-+-+-+-+-+-+-+-+-+-+-+-+-+-+-+
08/01/2017 02:05:00 (Std) 	+                     Crazy Eddie's GUI System - Event log                    +
08/01/2017 02:05:00 (Std) 	+                          (http://www.cegui.org.uk/)                         +
08/01/2017 02:05:00 (Std) 	+-+-+-+-+-+-+-+-+-+-+-+-+-+-+-+-+-+-+-+-+-+-+-+-+-+-+-+-+-+-+-+-+-+-+-+-+-+-+-+

08/01/2017 02:05:00 (Std) 	CEGUI::Logger singleton created. (0CA91988)
08/01/2017 02:05:00 (Std) 	
08/01/2017 02:05:00 (Std) 	********************************************************************************
08/01/2017 02:05:00 (Std) 	* Important:                                                                   *
08/01/2017 02:05:00 (Std) 	*     To get support at the CEGUI forums, you must post _at least_ the section *
08/01/2017 02:05:00 (Std) 	*     of this log file indicated below.  Failure to do this will result in no  *
08/01/2017 02:05:00 (Std) 	*     support being given; please do not waste our time.                       *
08/01/2017 02:05:00 (Std) 	********************************************************************************
08/01/2017 02:05:00 (Std) 	********************************************************************************
08/01/2017 02:05:00 (Std) 	* -------- START OF ESSENTIAL SECTION TO BE POSTED ON THE FORUM       -------- *
08/01/2017 02:05:00 (Std) 	********************************************************************************
08/01/2017 02:05:00 (Std) 	---- Version: 0.8.6 (Build: Dec  6 2016 Debug Microsoft Windows MSVC++ 14.0 (2015) 32 bit) ----
08/01/2017 02:05:00 (Std) 	---- Renderer module is: CEGUI::OpenGL3Renderer - Official OpenGL 3.2 core based renderer module.  TextureTarget support enabled via FBO OGL 3.2 core implementation. ----
08/01/2017 02:05:00 (Std) 	---- XML Parser module is: CEGUI::ExpatParser - Official expat based parser module for CEGUI ----
08/01/2017 02:05:00 (Std) 	---- Image Codec module is: SILLYImageCodec - Official SILLY based image codec ----
08/01/2017 02:05:00 (Std) 	---- Scripting module is: None ----
08/01/2017 02:05:00 (Std) 	********************************************************************************
08/01/2017 02:05:00 (Std) 	* -------- END OF ESSENTIAL SECTION TO BE POSTED ON THE FORUM         -------- *
08/01/2017 02:05:00 (Std) 	********************************************************************************
08/01/2017 02:05:00 (Std) 	
08/01/2017 02:05:00 (Std) 	---- Begining CEGUI System initialisation ----
08/01/2017 02:05:00 (Std) 	[CEGUI::ImageManager] Singleton created (0CA6D070)
08/01/2017 02:05:00 (Std) 	[CEGUI::ImageManager] Registered Image type: BasicImage
08/01/2017 02:05:00 (Std) 	CEGUI::FontManager singleton created. (0CC09790)
08/01/2017 02:05:00 (Std) 	CEGUI::WindowFactoryManager singleton created
08/01/2017 02:05:00 (Std) 	CEGUI::WindowManager singleton created (08CF5750)
08/01/2017 02:05:00 (Std) 	CEGUI::SchemeManager singleton created. (0CC09050)
08/01/2017 02:05:00 (Std) 	CEGUI::GlobalEventSet singleton created. (0D7F6F58)
08/01/2017 02:05:00 (Std) 	CEGUI::AnimationManager singleton created (0D82C930)
08/01/2017 02:05:00 (Std) 	CEGUI::WidgetLookManager singleton created. (0D7CC220)
08/01/2017 02:05:00 (Std) 	CEGUI::WindowRendererManager singleton created (0D7CC2E0)
08/01/2017 02:05:00 (Std) 	CEGUI::RenderEffectManager singleton created (0D7F74B0)
08/01/2017 02:05:00 (Std) 	Created WindowFactory for 'DefaultWindow' windows.
08/01/2017 02:05:00 (Std) 	WindowFactory for 'DefaultWindow' windows added. (0CA7E6A8)
08/01/2017 02:05:00 (Std) 	Created WindowFactory for 'DragContainer' windows.
08/01/2017 02:05:00 (Std) 	WindowFactory for 'DragContainer' windows added. (0C9260C0)
08/01/2017 02:05:00 (Std) 	Created WindowFactory for 'ScrolledContainer' windows.
08/01/2017 02:05:00 (Std) 	WindowFactory for 'ScrolledContainer' windows added. (0C926E08)
08/01/2017 02:05:00 (Std) 	Created WindowFactory for 'ClippedContainer' windows.
08/01/2017 02:05:00 (Std) 	WindowFactory for 'ClippedContainer' windows added. (0C926A20)
08/01/2017 02:05:00 (Std) 	Created WindowFactory for 'CEGUI/PushButton' windows.
08/01/2017 02:05:00 (Std) 	WindowFactory for 'CEGUI/PushButton' windows added. (0C926318)
08/01/2017 02:05:00 (Std) 	Created WindowFactory for 'CEGUI/RadioButton' windows.
08/01/2017 02:05:00 (Std) 	WindowFactory for 'CEGUI/RadioButton' windows added. (0C9271F0)
08/01/2017 02:05:00 (Std) 	Created WindowFactory for 'CEGUI/Combobox' windows.
08/01/2017 02:05:00 (Std) 	WindowFactory for 'CEGUI/Combobox' windows added. (0C926ED0)
08/01/2017 02:05:00 (Std) 	Created WindowFactory for 'CEGUI/ComboDropList' windows.
08/01/2017 02:05:00 (Std) 	WindowFactory for 'CEGUI/ComboDropList' windows added. (0C927448)
08/01/2017 02:05:00 (Std) 	Created WindowFactory for 'CEGUI/Editbox' windows.
08/01/2017 02:05:00 (Std) 	WindowFactory for 'CEGUI/Editbox' windows added. (0C925F30)
08/01/2017 02:05:00 (Std) 	Created WindowFactory for 'CEGUI/FrameWindow' windows.
08/01/2017 02:05:00 (Std) 	WindowFactory for 'CEGUI/FrameWindow' windows added. (0C9275D8)
08/01/2017 02:05:00 (Std) 	Created WindowFactory for 'CEGUI/ItemEntry' windows.
08/01/2017 02:05:00 (Std) 	WindowFactory for 'CEGUI/ItemEntry' windows added. (0C9263E0)
08/01/2017 02:05:00 (Std) 	Created WindowFactory for 'CEGUI/Listbox' windows.
08/01/2017 02:05:00 (Std) 	WindowFactory for 'CEGUI/Listbox' windows added. (0C927380)
08/01/2017 02:05:00 (Std) 	Created WindowFactory for 'CEGUI/ListHeader' windows.
08/01/2017 02:05:00 (Std) 	WindowFactory for 'CEGUI/ListHeader' windows added. (0C926638)
08/01/2017 02:05:00 (Std) 	Created WindowFactory for 'CEGUI/ListHeaderSegment' windows.
08/01/2017 02:05:00 (Std) 	WindowFactory for 'CEGUI/ListHeaderSegment' windows added. (0C9264A8)
08/01/2017 02:05:00 (Std) 	Created WindowFactory for 'CEGUI/Menubar' windows.
08/01/2017 02:05:00 (Std) 	WindowFactory for 'CEGUI/Menubar' windows added. (0C926F98)
08/01/2017 02:05:00 (Std) 	Created WindowFactory for 'CEGUI/PopupMenu' windows.
08/01/2017 02:05:00 (Std) 	WindowFactory for 'CEGUI/PopupMenu' windows added. (0C926C78)
08/01/2017 02:05:00 (Std) 	Created WindowFactory for 'CEGUI/MenuItem' windows.
08/01/2017 02:05:00 (Std) 	WindowFactory for 'CEGUI/MenuItem' windows added. (0C926700)
08/01/2017 02:05:00 (Std) 	Created WindowFactory for 'CEGUI/MultiColumnList' windows.
08/01/2017 02:05:00 (Std) 	WindowFactory for 'CEGUI/MultiColumnList' windows added. (0C9267C8)
08/01/2017 02:05:00 (Std) 	Created WindowFactory for 'CEGUI/MultiLineEditbox' windows.
08/01/2017 02:05:00 (Std) 	WindowFactory for 'CEGUI/MultiLineEditbox' windows added. (0C9276A0)
08/01/2017 02:05:00 (Std) 	Created WindowFactory for 'CEGUI/ProgressBar' windows.
08/01/2017 02:05:00 (Std) 	WindowFactory for 'CEGUI/ProgressBar' windows added. (0C926AE8)
08/01/2017 02:05:00 (Std) 	Created WindowFactory for 'CEGUI/ScrollablePane' windows.
08/01/2017 02:05:00 (Std) 	WindowFactory for 'CEGUI/ScrollablePane' windows added. (0C926250)
08/01/2017 02:05:00 (Std) 	Created WindowFactory for 'CEGUI/Scrollbar' windows.
08/01/2017 02:05:00 (Std) 	WindowFactory for 'CEGUI/Scrollbar' windows added. (0C926D40)
08/01/2017 02:05:00 (Std) 	Created WindowFactory for 'CEGUI/Slider' windows.
08/01/2017 02:05:00 (Std) 	WindowFactory for 'CEGUI/Slider' windows added. (0C926188)
08/01/2017 02:05:00 (Std) 	Created WindowFactory for 'CEGUI/Spinner' windows.
08/01/2017 02:05:00 (Std) 	WindowFactory for 'CEGUI/Spinner' windows added. (0C926890)
08/01/2017 02:05:00 (Std) 	Created WindowFactory for 'CEGUI/TabButton' windows.
08/01/2017 02:05:00 (Std) 	WindowFactory for 'CEGUI/TabButton' windows added. (0C9272B8)
08/01/2017 02:05:00 (Std) 	Created WindowFactory for 'CEGUI/TabControl' windows.
08/01/2017 02:05:00 (Std) 	WindowFactory for 'CEGUI/TabControl' windows added. (0C927060)
08/01/2017 02:05:00 (Std) 	Created WindowFactory for 'CEGUI/Thumb' windows.
08/01/2017 02:05:00 (Std) 	WindowFactory for 'CEGUI/Thumb' windows added. (0C926570)
08/01/2017 02:05:00 (Std) 	Created WindowFactory for 'CEGUI/Titlebar' windows.
08/01/2017 02:05:00 (Std) 	WindowFactory for 'CEGUI/Titlebar' windows added. (0C925FF8)
08/01/2017 02:05:00 (Std) 	Created WindowFactory for 'CEGUI/ToggleButton' windows.
08/01/2017 02:05:00 (Std) 	WindowFactory for 'CEGUI/ToggleButton' windows added. (0C925E68)
08/01/2017 02:05:00 (Std) 	Created WindowFactory for 'CEGUI/Tooltip' windows.
08/01/2017 02:05:00 (Std) 	WindowFactory for 'CEGUI/Tooltip' windows added. (0C926958)
08/01/2017 02:05:00 (Std) 	Created WindowFactory for 'CEGUI/ItemListbox' windows.
08/01/2017 02:05:00 (Std) 	WindowFactory for 'CEGUI/ItemListbox' windows added. (0C926BB0)
08/01/2017 02:05:00 (Std) 	Created WindowFactory for 'CEGUI/GroupBox' windows.
08/01/2017 02:05:00 (Std) 	WindowFactory for 'CEGUI/GroupBox' windows added. (0C927128)
08/01/2017 02:05:00 (Std) 	Created WindowFactory for 'CEGUI/Tree' windows.
08/01/2017 02:05:00 (Std) 	WindowFactory for 'CEGUI/Tree' windows added. (0C927510)
08/01/2017 02:05:00 (Std) 	Created WindowFactory for 'LayoutCell' windows.
08/01/2017 02:05:00 (Std) 	WindowFactory for 'LayoutCell' windows added. (0C9278F8)
08/01/2017 02:05:00 (Std) 	Created WindowFactory for 'HorizontalLayoutContainer' windows.
08/01/2017 02:05:00 (Std) 	WindowFactory for 'HorizontalLayoutContainer' windows added. (0C927CE0)
08/01/2017 02:05:00 (Std) 	Created WindowFactory for 'VerticalLayoutContainer' windows.
08/01/2017 02:05:00 (Std) 	WindowFactory for 'VerticalLayoutContainer' windows added. (0C927768)
08/01/2017 02:05:00 (Std) 	Created WindowFactory for 'GridLayoutContainer' windows.
08/01/2017 02:05:00 (Std) 	WindowFactory for 'GridLayoutContainer' windows added. (0C927B50)
08/01/2017 02:05:00 (Std) 	CEGUI::System singleton created. (0C9F8B98)
08/01/2017 02:05:00 (Std) 	---- CEGUI System initialisation completed ----
08/01/2017 02:05:00 (Std) 	
08/01/2017 02:05:00 (Info) 	Window 'root' of type 'DefaultWindow' has been created. (0C8F2E70)
08/01/2017 02:05:00 (Std) 	Started creation of Scheme from XML specification:
08/01/2017 02:05:00 (Std) 	---- CEGUI GUIScheme name: AlfiskoSkin
08/01/2017 02:05:00 (Info) 	Finished creation of GUIScheme 'AlfiskoSkin' via XML file. (0CA84338)
08/01/2017 02:05:00 (Info) 	---- Begining resource loading for GUI scheme 'AlfiskoSkin' ----
08/01/2017 02:05:00 (Std) 	[ImageManager] Started creation of Imageset from XML specification:
08/01/2017 02:05:00 (Std) 	[ImageManager] ---- CEGUI Imageset name: AlfiskoSkin
08/01/2017 02:05:00 (Std) 	[ImageManager] ---- Source texture file: AlfiskoSkin.png
08/01/2017 02:05:00 (Std) 	[ImageManager] ---- Source texture resource group: (Default)
08/01/2017 02:05:00 (Std) 	[OpenGLRenderer] Created texture: AlfiskoSkin
08/01/2017 02:05:00 (Std) 	[ImageManager] Created image: 'AlfiskoSkin/WindowB' (0CA80200) of type: BasicImage
08/01/2017 02:05:00 (Std) 	[ImageManager] Created image: 'AlfiskoSkin/WindowL' (0CA80AC0) of type: BasicImage
08/01/2017 02:05:00 (Std) 	[ImageManager] Created image: 'AlfiskoSkin/WindowR' (0CA7EE50) of type: BasicImage
08/01/2017 02:05:00 (Std) 	[ImageManager] Created image: 'AlfiskoSkin/WindowT' (0CA809A8) of type: BasicImage
08/01/2017 02:05:00 (Std) 	[ImageManager] Created image: 'AlfiskoSkin/EditboxB' (0CA80BD8) of type: BasicImage
08/01/2017 02:05:00 (Std) 	[ImageManager] Created image: 'AlfiskoSkin/EditboxL' (0CA80318) of type: BasicImage
08/01/2017 02:05:00 (Std) 	[ImageManager] Created image: 'AlfiskoSkin/EditboxR' (0CA7F828) of type: BasicImage
08/01/2017 02:05:00 (Std) 	[ImageManager] Created image: 'AlfiskoSkin/EditboxT' (0CA7FA58) of type: BasicImage
08/01/2017 02:05:00 (Std) 	[ImageManager] Created image: 'AlfiskoSkin/WindowBL' (0CA7FB70) of type: BasicImage
08/01/2017 02:05:00 (Std) 	[ImageManager] Created image: 'AlfiskoSkin/WindowBR' (0CA7FC88) of type: BasicImage
08/01/2017 02:05:00 (Std) 	[ImageManager] Created image: 'AlfiskoSkin/WindowTL' (0CA80430) of type: BasicImage
08/01/2017 02:05:00 (Std) 	[ImageManager] Created image: 'AlfiskoSkin/WindowTR' (0CA7FDA0) of type: BasicImage
08/01/2017 02:05:00 (Std) 	[ImageManager] Created image: 'AlfiskoSkin/EditboxBL' (0CA81268) of type: BasicImage
08/01/2017 02:05:00 (Std) 	[ImageManager] Created image: 'AlfiskoSkin/EditboxBR' (0CA81E70) of type: BasicImage
08/01/2017 02:05:00 (Std) 	[ImageManager] Created image: 'AlfiskoSkin/EditboxTL' (0CA823E8) of type: BasicImage
08/01/2017 02:05:00 (Std) 	[ImageManager] Created image: 'AlfiskoSkin/EditboxTR' (0CA818F8) of type: BasicImage
08/01/2017 02:05:00 (Std) 	[ImageManager] Created image: 'AlfiskoSkin/MouseMove' (0CA81D58) of type: BasicImage
08/01/2017 02:05:00 (Std) 	[ImageManager] Created image: 'AlfiskoSkin/MouseNeSw' (0CA81A10) of type: BasicImage
08/01/2017 02:05:00 (Std) 	[ImageManager] Created image: 'AlfiskoSkin/NewImage1' (0CA81F88) of type: BasicImage
08/01/2017 02:05:00 (Std) 	[ImageManager] Created image: 'AlfiskoSkin/MouseArrow' (0CA820A0) of type: BasicImage
08/01/2017 02:05:00 (Std) 	[ImageManager] Created image: 'AlfiskoSkin/WindowFill' (0CA821B8) of type: BasicImage
08/01/2017 02:05:00 (Std) 	[ImageManager] Created image: 'AlfiskoSkin/EditboxFill' (0CA81C40) of type: BasicImage
08/01/2017 02:05:00 (Std) 	[ImageManager] Created image: 'AlfiskoSkin/WindowClipB' (0CA81150) of type: BasicImage
08/01/2017 02:05:00 (Std) 	[ImageManager] Created image: 'AlfiskoSkin/WindowClipL' (0CA822D0) of type: BasicImage
08/01/2017 02:05:00 (Std) 	[ImageManager] Created image: 'AlfiskoSkin/WindowClipR' (0CA81380) of type: BasicImage
08/01/2017 02:05:00 (Std) 	[ImageManager] Created image: 'AlfiskoSkin/WindowClipT' (0CA82500) of type: BasicImage
08/01/2017 02:05:00 (Std) 	[ImageManager] Created image: 'AlfiskoSkin/ButtonHoverB' (0CA817E0) of type: BasicImage
08/01/2017 02:05:00 (Std) 	[ImageManager] Created image: 'AlfiskoSkin/ButtonHoverL' (0CA82618) of type: BasicImage
08/01/2017 02:05:00 (Std) 	[ImageManager] Created image: 'AlfiskoSkin/ButtonHoverR' (0CA82730) of type: BasicImage
08/01/2017 02:05:00 (Std) 	[ImageManager] Created image: 'AlfiskoSkin/ButtonHoverT' (0CA82848) of type: BasicImage
08/01/2017 02:05:00 (Std) 	[ImageManager] Created image: 'AlfiskoSkin/GenericBrush' (0CA81498) of type: BasicImage
08/01/2017 02:05:00 (Std) 	[ImageManager] Created image: 'AlfiskoSkin/MouseTextBar' (0CA815B0) of type: BasicImage
08/01/2017 02:05:00 (Std) 	[ImageManager] Created image: 'AlfiskoSkin/ButtonHoverBL' (0CA816C8) of type: BasicImage
08/01/2017 02:05:00 (Std) 	[ImageManager] Created image: 'AlfiskoSkin/ButtonHoverBR' (0CA82960) of type: BasicImage
08/01/2017 02:05:00 (Std) 	[ImageManager] Created image: 'AlfiskoSkin/ButtonHoverTL' (0CA81B28) of type: BasicImage
08/01/2017 02:05:00 (Std) 	[ImageManager] Created image: 'AlfiskoSkin/ButtonHoverTR' (0CA82A78) of type: BasicImage
08/01/2017 02:05:00 (Std) 	[ImageManager] Created image: 'AlfiskoSkin/ButtonNormalB' (0CA80F20) of type: BasicImage
08/01/2017 02:05:00 (Std) 	[ImageManager] Created image: 'AlfiskoSkin/ButtonNormalL' (0CA81038) of type: BasicImage
08/01/2017 02:05:00 (Std) 	[ImageManager] Created image: 'AlfiskoSkin/ButtonNormalR' (016FC8F8) of type: BasicImage
08/01/2017 02:05:00 (Std) 	[ImageManager] Created image: 'AlfiskoSkin/ButtonNormalT' (10C10928) of type: BasicImage
08/01/2017 02:05:00 (Std) 	[ImageManager] Created image: 'AlfiskoSkin/ButtonPushedB' (10C11300) of type: BasicImage
08/01/2017 02:05:00 (Std) 	[ImageManager] Created image: 'AlfiskoSkin/ButtonPushedL' (10C10A40) of type: BasicImage
08/01/2017 02:05:00 (Std) 	[ImageManager] Created image: 'AlfiskoSkin/ButtonPushedR' (10C11648) of type: BasicImage
08/01/2017 02:05:00 (Std) 	[ImageManager] Created image: 'AlfiskoSkin/ButtonPushedT' (10C111E8) of type: BasicImage
08/01/2017 02:05:00 (Std) 	[ImageManager] Created image: 'AlfiskoSkin/CheckboxHover' (10C11760) of type: BasicImage
08/01/2017 02:05:00 (Std) 	[ImageManager] Created image: 'AlfiskoSkin/ProgressFullB' (10C106F8) of type: BasicImage
08/01/2017 02:05:00 (Std) 	[ImageManager] Created image: 'AlfiskoSkin/ProgressFullL' (10C103B0) of type: BasicImage
08/01/2017 02:05:00 (Std) 	[ImageManager] Created image: 'AlfiskoSkin/ProgressFullR' (10C11418) of type: BasicImage
08/01/2017 02:05:00 (Std) 	[ImageManager] Created image: 'AlfiskoSkin/ProgressFullT' (10C10810) of type: BasicImage
08/01/2017 02:05:00 (Std) 	[ImageManager] Created image: 'AlfiskoSkin/ScrollUpHover' (10C10B58) of type: BasicImage
08/01/2017 02:05:00 (Std) 	[ImageManager] Created image: 'AlfiskoSkin/ButtonNormalBL' (10C10FB8) of type: BasicImage
08/01/2017 02:05:00 (Std) 	[ImageManager] Created image: 'AlfiskoSkin/ButtonNormalBR' (10C10C70) of type: BasicImage
08/01/2017 02:05:00 (Std) 	[ImageManager] Created image: 'AlfiskoSkin/ButtonNormalTL' (10C11AA8) of type: BasicImage
08/01/2017 02:05:00 (Std) 	[ImageManager] Created image: 'AlfiskoSkin/ButtonNormalTR' (10C11F08) of type: BasicImage
08/01/2017 02:05:00 (Std) 	[ImageManager] Created image: 'AlfiskoSkin/ButtonPushedBL' (10C10D88) of type: BasicImage
08/01/2017 02:05:00 (Std) 	[ImageManager] Created image: 'AlfiskoSkin/ButtonPushedBR' (10C11878) of type: BasicImage
08/01/2017 02:05:00 (Std) 	[ImageManager] Created image: 'AlfiskoSkin/ButtonPushedTL' (10C11990) of type: BasicImage
08/01/2017 02:05:00 (Std) 	[ImageManager] Created image: 'AlfiskoSkin/ButtonPushedTR' (10C10068) of type: BasicImage
08/01/2017 02:05:00 (Std) 	[ImageManager] Created image: 'AlfiskoSkin/CheckboxNormal' (10C10298) of type: BasicImage
08/01/2017 02:05:00 (Std) 	[ImageManager] Created image: 'AlfiskoSkin/HorzScrollbarB' (10C104C8) of type: BasicImage
08/01/2017 02:05:00 (Std) 	[ImageManager] Created image: 'AlfiskoSkin/HorzScrollbarT' (10C11BC0) of type: BasicImage
08/01/2017 02:05:00 (Std) 	[ImageManager] Created image: 'AlfiskoSkin/ProgressEmptyB' (10C10EA0) of type: BasicImage
08/01/2017 02:05:00 (Std) 	[ImageManager] Created image: 'AlfiskoSkin/ProgressEmptyL' (10C110D0) of type: BasicImage
08/01/2017 02:05:00 (Std) 	[ImageManager] Created image: 'AlfiskoSkin/ProgressEmptyR' (10C11CD8) of type: BasicImage
08/01/2017 02:05:00 (Std) 	[ImageManager] Created image: 'AlfiskoSkin/ProgressEmptyT' (10C11DF0) of type: BasicImage
08/01/2017 02:05:00 (Std) 	[ImageManager] Created image: 'AlfiskoSkin/ProgressFullBL' (10C10180) of type: BasicImage
08/01/2017 02:05:00 (Std) 	[ImageManager] Created image: 'AlfiskoSkin/ProgressFullBR' (10C11530) of type: BasicImage
08/01/2017 02:05:00 (Std) 	[ImageManager] Created image: 'AlfiskoSkin/ProgressFullTL' (10C105E0) of type: BasicImage
08/01/2017 02:05:00 (Std) 	[ImageManager] Created image: 'AlfiskoSkin/ProgressFullTR' (0C91CB08) of type: BasicImage
08/01/2017 02:05:00 (Std) 	[ImageManager] Created image: 'AlfiskoSkin/ProgressShadow' (0C91E200) of type: BasicImage
08/01/2017 02:05:00 (Std) 	[ImageManager] Created image: 'AlfiskoSkin/ScrollUpNormal' (0C91DDA0) of type: BasicImage
08/01/2017 02:05:00 (Std) 	[ImageManager] Created image: 'AlfiskoSkin/ScrollUpPushed' (0C91E778) of type: BasicImage
08/01/2017 02:05:00 (Std) 	[ImageManager] Created image: 'AlfiskoSkin/TitlebarDummy1' (0C91D4E0) of type: BasicImage
08/01/2017 02:05:00 (Std) 	[ImageManager] Created image: 'AlfiskoSkin/VertScrollbarL' (0C91E548) of type: BasicImage
08/01/2017 02:05:00 (Std) 	[ImageManager] Created image: 'AlfiskoSkin/VertScrollbarR' (0C91D828) of type: BasicImage
08/01/2017 02:05:00 (Std) 	[ImageManager] Created image: 'AlfiskoSkin/CheckboxChecked' (0C91DC88) of type: BasicImage
08/01/2017 02:05:00 (Std) 	[ImageManager] Created image: 'AlfiskoSkin/HorzThumbHoverB' (0C91E318) of type: BasicImage
08/01/2017 02:05:00 (Std) 	[ImageManager] Created image: 'AlfiskoSkin/HorzThumbHoverT' (0C91DB70) of type: BasicImage
08/01/2017 02:05:00 (Std) 	[ImageManager] Created image: 'AlfiskoSkin/ProgressEmptyBL' (0C91CC20) of type: BasicImage
08/01/2017 02:05:00 (Std) 	[ImageManager] Created image: 'AlfiskoSkin/ProgressEmptyBR' (0C91E890) of type: BasicImage
08/01/2017 02:05:00 (Std) 	[ImageManager] Created image: 'AlfiskoSkin/ProgressEmptyTL' (0C91E430) of type: BasicImage
08/01/2017 02:05:00 (Std) 	[ImageManager] Created image: 'AlfiskoSkin/ProgressEmptyTR' (0C91DEB8) of type: BasicImage
08/01/2017 02:05:00 (Std) 	[ImageManager] Created image: 'AlfiskoSkin/ScrollDownHover' (0C91E660) of type: BasicImage
08/01/2017 02:05:00 (Std) 	[ImageManager] Created image: 'AlfiskoSkin/ScrollLeftHover' (0C91D5F8) of type: BasicImage
08/01/2017 02:05:00 (Std) 	[ImageManager] Created image: 'AlfiskoSkin/TitlebarActiveB' (0C91DFD0) of type: BasicImage
08/01/2017 02:05:00 (Std) 	[ImageManager] Created image: 'AlfiskoSkin/TitlebarActiveL' (0C91E0E8) of type: BasicImage
08/01/2017 02:05:00 (Std) 	[ImageManager] Created image: 'AlfiskoSkin/TitlebarActiveR' (0C91E9A8) of type: BasicImage
08/01/2017 02:05:00 (Std) 	[ImageManager] Created image: 'AlfiskoSkin/TitlebarActiveT' (0C91D198) of type: BasicImage
08/01/2017 02:05:00 (Std) 	[ImageManager] Created image: 'AlfiskoSkin/VertThumbHoverL' (0C91CD38) of type: BasicImage
08/01/2017 02:05:00 (Std) 	[ImageManager] Created image: 'AlfiskoSkin/VertThumbHoverR' (0C91CE50) of type: BasicImage
08/01/2017 02:05:00 (Std) 	[ImageManager] Created image: 'AlfiskoSkin/ButtonHoverFill1' (0C91D940) of type: BasicImage
08/01/2017 02:05:00 (Std) 	[ImageManager] Created image: 'AlfiskoSkin/ButtonHoverFill2' (0C91DA58) of type: BasicImage
08/01/2017 02:05:00 (Std) 	[ImageManager] Created image: 'AlfiskoSkin/HorzSliderTrackL' (0C91CF68) of type: BasicImage
08/01/2017 02:05:00 (Std) 	[ImageManager] Created image: 'AlfiskoSkin/HorzSliderTrackR' (0C91D2B0) of type: BasicImage
08/01/2017 02:05:00 (Std) 	[ImageManager] Created image: 'AlfiskoSkin/HorzThumbHoverBL' (0C91D710) of type: BasicImage
08/01/2017 02:05:00 (Std) 	[ImageManager] Created image: 'AlfiskoSkin/HorzThumbHoverBR' (0C91D080) of type: BasicImage
08/01/2017 02:05:00 (Std) 	[ImageManager] Created image: 'AlfiskoSkin/HorzThumbHoverTL' (0C91D3C8) of type: BasicImage
08/01/2017 02:05:00 (Std) 	[ImageManager] Created image: 'AlfiskoSkin/HorzThumbHoverTR' (0C921950) of type: BasicImage
08/01/2017 02:05:00 (Std) 	[ImageManager] Created image: 'AlfiskoSkin/HorzThumbNormalB' (0C922210) of type: BasicImage
08/01/2017 02:05:00 (Std) 	[ImageManager] Created image: 'AlfiskoSkin/HorzThumbNormalT' (0C922670) of type: BasicImage
08/01/2017 02:05:00 (Std) 	[ImageManager] Created image: 'AlfiskoSkin/HorzThumbPushedB' (0C9220F8) of type: BasicImage
08/01/2017 02:05:00 (Std) 	[ImageManager] Created image: 'AlfiskoSkin/HorzThumbPushedT' (0C9211A8) of type: BasicImage
08/01/2017 02:05:00 (Std) 	[ImageManager] Created image: 'AlfiskoSkin/HorzThumbShadowL' (0C9213D8) of type: BasicImage
08/01/2017 02:05:00 (Std) 	[ImageManager] Created image: 'AlfiskoSkin/HorzThumbShadowR' (0C920E60) of type: BasicImage
08/01/2017 02:05:00 (Std) 	[ImageManager] Created image: 'AlfiskoSkin/ProgressFullFill' (0C920F78) of type: BasicImage
08/01/2017 02:05:00 (Std) 	[ImageManager] Created image: 'AlfiskoSkin/RadioButtonHover' (0C921A68) of type: BasicImage
08/01/2017 02:05:00 (Std) 	[ImageManager] Created image: 'AlfiskoSkin/ScrollDownNormal' (0C922328) of type: BasicImage
08/01/2017 02:05:00 (Std) 	[ImageManager] Created image: 'AlfiskoSkin/ScrollDownPushed' (0C922788) of type: BasicImage
08/01/2017 02:05:00 (Std) 	[ImageManager] Created image: 'AlfiskoSkin/ScrollLeftNormal' (0C922440) of type: BasicImage
08/01/2017 02:05:00 (Std) 	[ImageManager] Created image: 'AlfiskoSkin/ScrollLeftPushed' (0C9212C0) of type: BasicImage
08/01/2017 02:05:00 (Std) 	[ImageManager] Created image: 'AlfiskoSkin/ScrollRightHover' (0C9214F0) of type: BasicImage
08/01/2017 02:05:00 (Std) 	[ImageManager] Created image: 'AlfiskoSkin/TitlebarActiveBL' (0C921090) of type: BasicImage
08/01/2017 02:05:00 (Std) 	[ImageManager] Created image: 'AlfiskoSkin/TitlebarActiveBR' (0C921608) of type: BasicImage
08/01/2017 02:05:00 (Std) 	[ImageManager] Created image: 'AlfiskoSkin/TitlebarActiveTL' (0C921B80) of type: BasicImage
08/01/2017 02:05:00 (Std) 	[ImageManager] Created image: 'AlfiskoSkin/TitlebarActiveTR' (0C922558) of type: BasicImage
08/01/2017 02:05:00 (Std) 	[ImageManager] Created image: 'AlfiskoSkin/VertSliderTrackB' (0C9228A0) of type: BasicImage
08/01/2017 02:05:00 (Std) 	[ImageManager] Created image: 'AlfiskoSkin/VertSliderTrackT' (0C9229B8) of type: BasicImage
08/01/2017 02:05:00 (Std) 	[ImageManager] Created image: 'AlfiskoSkin/VertThumbHoverBL' (0C921720) of type: BasicImage
08/01/2017 02:05:00 (Std) 	[ImageManager] Created image: 'AlfiskoSkin/VertThumbHoverBR' (0C921838) of type: BasicImage
08/01/2017 02:05:00 (Std) 	[ImageManager] Created image: 'AlfiskoSkin/VertThumbHoverTL' (0C921C98) of type: BasicImage
08/01/2017 02:05:00 (Std) 	[ImageManager] Created image: 'AlfiskoSkin/VertThumbHoverTR' (0C921DB0) of type: BasicImage
08/01/2017 02:05:00 (Std) 	[ImageManager] Created image: 'AlfiskoSkin/VertThumbNormalL' (0C921EC8) of type: BasicImage
08/01/2017 02:05:00 (Std) 	[ImageManager] Created image: 'AlfiskoSkin/VertThumbNormalR' (0C920B18) of type: BasicImage
08/01/2017 02:05:00 (Std) 	[ImageManager] Created image: 'AlfiskoSkin/VertThumbPushedL' (0C920C30) of type: BasicImage
08/01/2017 02:05:00 (Std) 	[ImageManager] Created image: 'AlfiskoSkin/VertThumbPushedR' (0C920D48) of type: BasicImage
08/01/2017 02:05:00 (Std) 	[ImageManager] Created image: 'AlfiskoSkin/VertThumbShadowB' (0C921FE0) of type: BasicImage
08/01/2017 02:05:00 (Std) 	[ImageManager] Created image: 'AlfiskoSkin/VertThumbShadowT' (0C942150) of type: BasicImage
08/01/2017 02:05:00 (Std) 	[ImageManager] Created image: 'AlfiskoSkin/ButtonNormalFill1' (0C9430A0) of type: BasicImage
08/01/2017 02:05:00 (Std) 	[ImageManager] Created image: 'AlfiskoSkin/ButtonNormalFill2' (0C942268) of type: BasicImage
08/01/2017 02:05:00 (Std) 	[ImageManager] Created image: 'AlfiskoSkin/ButtonPushedFill1' (0C942380) of type: BasicImage
08/01/2017 02:05:00 (Std) 	[ImageManager] Created image: 'AlfiskoSkin/ButtonPushedFill2' (0C943730) of type: BasicImage
08/01/2017 02:05:00 (Std) 	[ImageManager] Created image: 'AlfiskoSkin/CloseButtonNormal' (0C9433E8) of type: BasicImage
08/01/2017 02:05:00 (Std) 	[ImageManager] Created image: 'AlfiskoSkin/CloseButtonPushed' (0C943500) of type: BasicImage
08/01/2017 02:05:00 (Std) 	[ImageManager] Created image: 'AlfiskoSkin/HorzSliderShadowL' (0C943618) of type: BasicImage
08/01/2017 02:05:00 (Std) 	[ImageManager] Created image: 'AlfiskoSkin/HorzSliderShadowR' (0C941E08) of type: BasicImage
08/01/2017 02:05:00 (Std) 	[ImageManager] Created image: 'AlfiskoSkin/HorzThumbNormalBL' (0C943848) of type: BasicImage
08/01/2017 02:05:00 (Std) 	[ImageManager] Created image: 'AlfiskoSkin/HorzThumbNormalBR' (0C9426C8) of type: BasicImage
08/01/2017 02:05:00 (Std) 	[ImageManager] Created image: 'AlfiskoSkin/HorzThumbNormalTL' (0C943960) of type: BasicImage
08/01/2017 02:05:00 (Std) 	[ImageManager] Created image: 'AlfiskoSkin/HorzThumbNormalTR' (0C943A78) of type: BasicImage
08/01/2017 02:05:00 (Std) 	[ImageManager] Created image: 'AlfiskoSkin/HorzThumbPushedBL' (0C941F20) of type: BasicImage
08/01/2017 02:05:00 (Std) 	[ImageManager] Created image: 'AlfiskoSkin/HorzThumbPushedBR' (0C942C40) of type: BasicImage
08/01/2017 02:05:00 (Std) 	[ImageManager] Created image: 'AlfiskoSkin/HorzThumbPushedTL' (0C942D58) of type: BasicImage
08/01/2017 02:05:00 (Std) 	[ImageManager] Created image: 'AlfiskoSkin/HorzThumbPushedTR' (0C942038) of type: BasicImage
08/01/2017 02:05:00 (Std) 	[ImageManager] Created image: 'AlfiskoSkin/ProgressEmptyFill' (0C942498) of type: BasicImage
08/01/2017 02:05:00 (Std) 	[ImageManager] Created image: 'AlfiskoSkin/RadioButtonNormal' (0C942A10) of type: BasicImage
08/01/2017 02:05:00 (Std) 	[ImageManager] Created image: 'AlfiskoSkin/ScrollRightNormal' (0C9425B0) of type: BasicImage
08/01/2017 02:05:00 (Std) 	[ImageManager] Created image: 'AlfiskoSkin/ScrollRightPushed' (0C943B90) of type: BasicImage
08/01/2017 02:05:00 (Std) 	[ImageManager] Created image: 'AlfiskoSkin/TitlebarInactiveB' (0C9427E0) of type: BasicImage
08/01/2017 02:05:00 (Std) 	[ImageManager] Created image: 'AlfiskoSkin/TitlebarInactiveL' (0C941CF0) of type: BasicImage
08/01/2017 02:05:00 (Std) 	[ImageManager] Created image: 'AlfiskoSkin/TitlebarInactiveR' (0C9428F8) of type: BasicImage
08/01/2017 02:05:00 (Std) 	[ImageManager] Created image: 'AlfiskoSkin/TitlebarInactiveT' (0C942B28) of type: BasicImage
08/01/2017 02:05:00 (Std) 	[ImageManager] Created image: 'AlfiskoSkin/VertSliderShadowB' (0C942E70) of type: BasicImage
08/01/2017 02:05:00 (Std) 	[ImageManager] Created image: 'AlfiskoSkin/VertSliderShadowT' (0C9431B8) of type: BasicImage
08/01/2017 02:05:00 (Std) 	[ImageManager] Created image: 'AlfiskoSkin/VertThumbNormalBL' (0C942F88) of type: BasicImage
08/01/2017 02:05:00 (Std) 	[ImageManager] Created image: 'AlfiskoSkin/VertThumbNormalBR' (0C9432D0) of type: BasicImage
08/01/2017 02:05:00 (Std) 	[ImageManager] Created image: 'AlfiskoSkin/VertThumbNormalTL' (0C944040) of type: BasicImage
08/01/2017 02:05:00 (Std) 	[ImageManager] Created image: 'AlfiskoSkin/VertThumbNormalTR' (0C945738) of type: BasicImage
08/01/2017 02:05:00 (Std) 	[ImageManager] Created image: 'AlfiskoSkin/VertThumbPushedBL' (0C944E78) of type: BasicImage
08/01/2017 02:05:00 (Std) 	[ImageManager] Created image: 'AlfiskoSkin/VertThumbPushedBR' (0C945B98) of type: BasicImage
08/01/2017 02:05:00 (Std) 	[ImageManager] Created image: 'AlfiskoSkin/VertThumbPushedTL' (0C944270) of type: BasicImage
08/01/2017 02:05:00 (Std) 	[ImageManager] Created image: 'AlfiskoSkin/VertThumbPushedTR' (0C944D60) of type: BasicImage
08/01/2017 02:05:00 (Std) 	[ImageManager] Created image: 'AlfiskoSkin/HorzScrollbarFill1' (0C944F90) of type: BasicImage
08/01/2017 02:05:00 (Std) 	[ImageManager] Created image: 'AlfiskoSkin/HorzScrollbarFill2' (0C9445B8) of type: BasicImage
08/01/2017 02:05:00 (Std) 	[ImageManager] Created image: 'AlfiskoSkin/RadioButtonChecked' (0C9450A8) of type: BasicImage
08/01/2017 02:05:00 (Std) 	[ImageManager] Created image: 'AlfiskoSkin/TitlebarInactiveBL' (0C945968) of type: BasicImage
08/01/2017 02:05:00 (Std) 	[ImageManager] Created image: 'AlfiskoSkin/TitlebarInactiveBR' (0C943CF8) of type: BasicImage
08/01/2017 02:05:00 (Std) 	[ImageManager] Created image: 'AlfiskoSkin/TitlebarInactiveTL' (0C943F28) of type: BasicImage
08/01/2017 02:05:00 (Std) 	[ImageManager] Created image: 'AlfiskoSkin/TitlebarInactiveTR' (0C944900) of type: BasicImage
08/01/2017 02:05:00 (Std) 	[ImageManager] Created image: 'AlfiskoSkin/VertScrollbarFill1' (0C944388) of type: BasicImage
08/01/2017 02:05:00 (Std) 	[ImageManager] Created image: 'AlfiskoSkin/VertScrollbarFill2' (0C945A80) of type: BasicImage
08/01/2017 02:05:00 (Std) 	[ImageManager] Created image: 'AlfiskoSkin/HorzSliderTrackFill' (0C943E10) of type: BasicImage
08/01/2017 02:05:00 (Std) 	[ImageManager] Created image: 'AlfiskoSkin/TitlebarActiveFill1' (0C944A18) of type: BasicImage
08/01/2017 02:05:00 (Std) 	[ImageManager] Created image: 'AlfiskoSkin/TitlebarActiveFill2' (0C9453F0) of type: BasicImage
08/01/2017 02:05:00 (Std) 	[ImageManager] Created image: 'AlfiskoSkin/VertSliderTrackFill' (0C944158) of type: BasicImage
08/01/2017 02:05:00 (Std) 	[ImageManager] Created image: 'AlfiskoSkin/HorzSliderThumbHover' (0C945508) of type: BasicImage
08/01/2017 02:05:00 (Std) 	[ImageManager] Created image: 'AlfiskoSkin/VertSliderThumbHover' (0C945850) of type: BasicImage
08/01/2017 02:05:00 (Std) 	[ImageManager] Created image: 'AlfiskoSkin/HorzSliderThumbNormal' (0C9451C0) of type: BasicImage
08/01/2017 02:05:00 (Std) 	[ImageManager] Created image: 'AlfiskoSkin/HorzSliderThumbPushed' (0C945620) of type: BasicImage
08/01/2017 02:05:00 (Std) 	[ImageManager] Created image: 'AlfiskoSkin/TitlebarInactiveFill1' (0C9444A0) of type: BasicImage
08/01/2017 02:05:00 (Std) 	[ImageManager] Created image: 'AlfiskoSkin/TitlebarInactiveFill2' (0C9446D0) of type: BasicImage
08/01/2017 02:05:00 (Std) 	[ImageManager] Created image: 'AlfiskoSkin/VertSliderThumbNormal' (0C9452D8) of type: BasicImage
08/01/2017 02:05:00 (Std) 	[ImageManager] Created image: 'AlfiskoSkin/VertSliderThumbPushed' (0C9447E8) of type: BasicImage
08/01/2017 02:05:00 (Info) 	Successfully loaded 5633 glyphs
08/01/2017 02:05:00 (Info) 	Finished creation of Font 'DejaVuSans-12' via XML file. (10A808D8)
08/01/2017 02:05:00 (Std) 	===== Falagard 'root' element: look and feel parsing begins =====
08/01/2017 02:05:00 (Info) 	---> Start of definition for widget look 'AlfiskoSkin/Label'.
08/01/2017 02:05:00 (Info) 	---< End of definition for widget look 'AlfiskoSkin/Label'.
08/01/2017 02:05:00 (Info) 	---> Start of definition for widget look 'AlfiskoSkin/Button'.
08/01/2017 02:05:00 (Info) 	---< End of definition for widget look 'AlfiskoSkin/Button'.
08/01/2017 02:05:00 (Info) 	---> Start of definition for widget look 'AlfiskoSkin/ImageButton'.
08/01/2017 02:05:00 (Info) 	---< End of definition for widget look 'AlfiskoSkin/ImageButton'.
08/01/2017 02:05:00 (Info) 	---> Start of definition for widget look 'AlfiskoSkin/RadioButton'.
08/01/2017 02:05:00 (Info) 	---< End of definition for widget look 'AlfiskoSkin/RadioButton'.
08/01/2017 02:05:00 (Info) 	---> Start of definition for widget look 'AlfiskoSkin/Checkbox'.
08/01/2017 02:05:00 (Info) 	---< End of definition for widget look 'AlfiskoSkin/Checkbox'.
08/01/2017 02:05:00 (Info) 	---> Start of definition for widget look 'AlfiskoSkin/Titlebar'.
08/01/2017 02:05:00 (Info) 	---< End of definition for widget look 'AlfiskoSkin/Titlebar'.
08/01/2017 02:05:00 (Info) 	---> Start of definition for widget look 'AlfiskoSkin/FrameWindow'.
08/01/2017 02:05:00 (Info) 	---< End of definition for widget look 'AlfiskoSkin/FrameWindow'.
08/01/2017 02:05:00 (Info) 	---> Start of definition for widget look 'AlfiskoSkin/Editbox'.
08/01/2017 02:05:00 (Info) 	---< End of definition for widget look 'AlfiskoSkin/Editbox'.
08/01/2017 02:05:00 (Info) 	---> Start of definition for widget look 'AlfiskoSkin/HorizontalScrollbarThumb'.
08/01/2017 02:05:00 (Info) 	---< End of definition for widget look 'AlfiskoSkin/HorizontalScrollbarThumb'.
08/01/2017 02:05:00 (Info) 	---> Start of definition for widget look 'AlfiskoSkin/HorizontalScrollbar'.
08/01/2017 02:05:00 (Info) 	---< End of definition for widget look 'AlfiskoSkin/HorizontalScrollbar'.
08/01/2017 02:05:00 (Info) 	---> Start of definition for widget look 'AlfiskoSkin/VerticalScrollbarThumb'.
08/01/2017 02:05:00 (Info) 	---< End of definition for widget look 'AlfiskoSkin/VerticalScrollbarThumb'.
08/01/2017 02:05:00 (Info) 	---> Start of definition for widget look 'AlfiskoSkin/VerticalScrollbar'.
08/01/2017 02:05:00 (Info) 	---< End of definition for widget look 'AlfiskoSkin/VerticalScrollbar'.
08/01/2017 02:05:00 (Info) 	---> Start of definition for widget look 'AlfiskoSkin/MultiLineEditbox'.
08/01/2017 02:05:00 (Info) 	---< End of definition for widget look 'AlfiskoSkin/MultiLineEditbox'.
08/01/2017 02:05:00 (Info) 	---> Start of definition for widget look 'AlfiskoSkin/ProgressBar'.
08/01/2017 02:05:00 (Info) 	---< End of definition for widget look 'AlfiskoSkin/ProgressBar'.
08/01/2017 02:05:00 (Info) 	---> Start of definition for widget look 'AlfiskoSkin/HorizontalSliderThumb'.
08/01/2017 02:05:00 (Info) 	---< End of definition for widget look 'AlfiskoSkin/HorizontalSliderThumb'.
08/01/2017 02:05:00 (Info) 	---> Start of definition for widget look 'AlfiskoSkin/HorizontalSlider'.
08/01/2017 02:05:00 (Info) 	---< End of definition for widget look 'AlfiskoSkin/HorizontalSlider'.
08/01/2017 02:05:00 (Info) 	---> Start of definition for widget look 'AlfiskoSkin/VerticalSliderThumb'.
08/01/2017 02:05:00 (Info) 	---< End of definition for widget look 'AlfiskoSkin/VerticalSliderThumb'.
08/01/2017 02:05:00 (Info) 	---> Start of definition for widget look 'AlfiskoSkin/VerticalSlider'.
08/01/2017 02:05:00 (Info) 	---< End of definition for widget look 'AlfiskoSkin/VerticalSlider'.
08/01/2017 02:05:00 (Info) 	---> Start of definition for widget look 'AlfiskoSkin/MenuItem'.
08/01/2017 02:05:00 (Info) 	---< End of definition for widget look 'AlfiskoSkin/MenuItem'.
08/01/2017 02:05:00 (Std) 	===== Look and feel parsing completed =====
08/01/2017 02:05:00 (Std) 	No window renderer factories specified for module 'CEGUICoreWindowRendererSet' - adding all available factories...
08/01/2017 02:05:00 (Std) 	Created WindowRendererFactory for 'Core/Button' WindowRenderers.
08/01/2017 02:05:00 (Std) 	WindowRendererFactory 'Core/Button' added. (0D880E08)
08/01/2017 02:05:00 (Std) 	Created WindowRendererFactory for 'Core/Default' WindowRenderers.
08/01/2017 02:05:00 (Std) 	WindowRendererFactory 'Core/Default' added. (0D880AE8)
08/01/2017 02:05:00 (Std) 	Created WindowRendererFactory for 'Core/Editbox' WindowRenderers.
08/01/2017 02:05:00 (Std) 	WindowRendererFactory 'Core/Editbox' added. (0D881DA8)
08/01/2017 02:05:00 (Std) 	Created WindowRendererFactory for 'Core/FrameWindow' WindowRenderers.
08/01/2017 02:05:00 (Std) 	WindowRendererFactory 'Core/FrameWindow' added. (0D882258)
08/01/2017 02:05:00 (Std) 	Created WindowRendererFactory for 'Core/ItemEntry' WindowRenderers.
08/01/2017 02:05:00 (Std) 	WindowRendererFactory 'Core/ItemEntry' added. (0D882320)
08/01/2017 02:05:00 (Std) 	Created WindowRendererFactory for 'Core/ListHeader' WindowRenderers.
08/01/2017 02:05:00 (Std) 	WindowRendererFactory 'Core/ListHeader' added. (0D881E70)
08/01/2017 02:05:00 (Std) 	Created WindowRendererFactory for 'Core/ListHeaderSegment' WindowRenderers.
08/01/2017 02:05:00 (Std) 	WindowRendererFactory 'Core/ListHeaderSegment' added. (0D881F38)
08/01/2017 02:05:00 (Std) 	Created WindowRendererFactory for 'Core/Listbox' WindowRenderers.
08/01/2017 02:05:00 (Std) 	WindowRendererFactory 'Core/Listbox' added. (0D882000)
08/01/2017 02:05:00 (Std) 	Created WindowRendererFactory for 'Core/Menubar' WindowRenderers.
08/01/2017 02:05:00 (Std) 	WindowRendererFactory 'Core/Menubar' added. (0D8820C8)
08/01/2017 02:05:00 (Std) 	Created WindowRendererFactory for 'Core/MenuItem' WindowRenderers.
08/01/2017 02:05:00 (Std) 	WindowRendererFactory 'Core/MenuItem' added. (0D882190)
08/01/2017 02:05:00 (Std) 	Created WindowRendererFactory for 'Core/MultiColumnList' WindowRenderers.
08/01/2017 02:05:00 (Std) 	WindowRendererFactory 'Core/MultiColumnList' added. (0C927A88)
08/01/2017 02:05:00 (Std) 	Created WindowRendererFactory for 'Core/MultiLineEditbox' WindowRenderers.
08/01/2017 02:05:00 (Std) 	WindowRendererFactory 'Core/MultiLineEditbox' added. (10C0CCE0)
08/01/2017 02:05:00 (Std) 	Created WindowRendererFactory for 'Core/PopupMenu' WindowRenderers.
08/01/2017 02:05:00 (Std) 	WindowRendererFactory 'Core/PopupMenu' added. (10C0D190)
08/01/2017 02:05:00 (Std) 	Created WindowRendererFactory for 'Core/ProgressBar' WindowRenderers.
08/01/2017 02:05:00 (Std) 	WindowRendererFactory 'Core/ProgressBar' added. (10C0C830)
08/01/2017 02:05:00 (Std) 	Created WindowRendererFactory for 'Core/ScrollablePane' WindowRenderers.
08/01/2017 02:05:00 (Std) 	WindowRendererFactory 'Core/ScrollablePane' added. (10C0C8F8)
08/01/2017 02:05:00 (Std) 	Created WindowRendererFactory for 'Core/Scrollbar' WindowRenderers.
08/01/2017 02:05:00 (Std) 	WindowRendererFactory 'Core/Scrollbar' added. (10C0CF38)
08/01/2017 02:05:00 (Std) 	Created WindowRendererFactory for 'Core/Slider' WindowRenderers.
08/01/2017 02:05:00 (Std) 	WindowRendererFactory 'Core/Slider' added. (10C0C128)
08/01/2017 02:05:00 (Std) 	Created WindowRendererFactory for 'Core/Static' WindowRenderers.
08/01/2017 02:05:00 (Std) 	WindowRendererFactory 'Core/Static' added. (10C0CE70)
08/01/2017 02:05:00 (Std) 	Created WindowRendererFactory for 'Core/StaticImage' WindowRenderers.
08/01/2017 02:05:00 (Std) 	WindowRendererFactory 'Core/StaticImage' added. (10C0C380)
08/01/2017 02:05:00 (Std) 	Created WindowRendererFactory for 'Core/StaticText' WindowRenderers.
08/01/2017 02:05:00 (Std) 	WindowRendererFactory 'Core/StaticText' added. (10C0C9C0)
08/01/2017 02:05:00 (Std) 	Created WindowRendererFactory for 'Core/TabButton' WindowRenderers.
08/01/2017 02:05:00 (Std) 	WindowRendererFactory 'Core/TabButton' added. (10C0D578)
08/01/2017 02:05:00 (Std) 	Created WindowRendererFactory for 'Core/TabControl' WindowRenderers.
08/01/2017 02:05:00 (Std) 	WindowRendererFactory 'Core/TabControl' added. (10C0CA88)
08/01/2017 02:05:00 (Std) 	Created WindowRendererFactory for 'Core/Titlebar' WindowRenderers.
08/01/2017 02:05:00 (Std) 	WindowRendererFactory 'Core/Titlebar' added. (10C0C510)
08/01/2017 02:05:00 (Std) 	Created WindowRendererFactory for 'Core/ToggleButton' WindowRenderers.
08/01/2017 02:05:00 (Std) 	WindowRendererFactory 'Core/ToggleButton' added. (10C0C1F0)
08/01/2017 02:05:00 (Std) 	Created WindowRendererFactory for 'Core/Tooltip' WindowRenderers.
08/01/2017 02:05:00 (Std) 	WindowRendererFactory 'Core/Tooltip' added. (10C0C768)
08/01/2017 02:05:00 (Std) 	Created WindowRendererFactory for 'Core/ItemListbox' WindowRenderers.
08/01/2017 02:05:00 (Std) 	WindowRendererFactory 'Core/ItemListbox' added. (10C0CB50)
08/01/2017 02:05:00 (Std) 	Created WindowRendererFactory for 'Core/Tree' WindowRenderers.
08/01/2017 02:05:00 (Std) 	WindowRendererFactory 'Core/Tree' added. (10C0D258)
08/01/2017 02:05:00 (Std) 	Creating falagard mapping for type 'AlfiskoSkin/Label' using base type 'DefaultWindow', window renderer 'Core/Default' Look'N'Feel 'AlfiskoSkin/Label' and RenderEffect ''. (012FD418)
08/01/2017 02:05:00 (Std) 	Creating falagard mapping for type 'AlfiskoSkin/Button' using base type 'CEGUI/PushButton', window renderer 'Core/Button' Look'N'Feel 'AlfiskoSkin/Button' and RenderEffect ''. (012FD418)
08/01/2017 02:05:00 (Std) 	Creating falagard mapping for type 'AlfiskoSkin/ImageButton' using base type 'CEGUI/PushButton', window renderer 'Core/Button' Look'N'Feel 'AlfiskoSkin/ImageButton' and RenderEffect ''. (012FD418)
08/01/2017 02:05:00 (Std) 	Creating falagard mapping for type 'AlfiskoSkin/RadioButton' using base type 'CEGUI/RadioButton', window renderer 'Core/ToggleButton' Look'N'Feel 'AlfiskoSkin/RadioButton' and RenderEffect ''. (012FD418)
08/01/2017 02:05:00 (Std) 	Creating falagard mapping for type 'AlfiskoSkin/Checkbox' using base type 'CEGUI/ToggleButton', window renderer 'Core/ToggleButton' Look'N'Feel 'AlfiskoSkin/Checkbox' and RenderEffect ''. (012FD418)
08/01/2017 02:05:00 (Std) 	Creating falagard mapping for type 'AlfiskoSkin/Titlebar' using base type 'CEGUI/Titlebar', window renderer 'Core/Titlebar' Look'N'Feel 'AlfiskoSkin/Titlebar' and RenderEffect ''. (012FD418)
08/01/2017 02:05:00 (Std) 	Creating falagard mapping for type 'AlfiskoSkin/FrameWindow' using base type 'CEGUI/FrameWindow', window renderer 'Core/FrameWindow' Look'N'Feel 'AlfiskoSkin/FrameWindow' and RenderEffect ''. (012FD418)
08/01/2017 02:05:00 (Std) 	Creating falagard mapping for type 'AlfiskoSkin/Editbox' using base type 'CEGUI/Editbox', window renderer 'Core/Editbox' Look'N'Feel 'AlfiskoSkin/Editbox' and RenderEffect ''. (012FD418)
08/01/2017 02:05:00 (Std) 	Creating falagard mapping for type 'AlfiskoSkin/VerticalScrollbarThumb' using base type 'CEGUI/Thumb', window renderer 'Core/Button' Look'N'Feel 'AlfiskoSkin/VerticalScrollbarThumb' and RenderEffect ''. (012FD418)
08/01/2017 02:05:00 (Std) 	Creating falagard mapping for type 'AlfiskoSkin/VerticalScrollbar' using base type 'CEGUI/Scrollbar', window renderer 'Core/Scrollbar' Look'N'Feel 'AlfiskoSkin/VerticalScrollbar' and RenderEffect ''. (012FD418)
08/01/2017 02:05:00 (Std) 	Creating falagard mapping for type 'AlfiskoSkin/HorizontalScrollbarThumb' using base type 'CEGUI/Thumb', window renderer 'Core/Button' Look'N'Feel 'AlfiskoSkin/HorizontalScrollbarThumb' and RenderEffect ''. (012FD418)
08/01/2017 02:05:00 (Std) 	Creating falagard mapping for type 'AlfiskoSkin/HorizontalScrollbar' using base type 'CEGUI/Scrollbar', window renderer 'Core/Scrollbar' Look'N'Feel 'AlfiskoSkin/HorizontalScrollbar' and RenderEffect ''. (012FD418)
08/01/2017 02:05:00 (Std) 	Creating falagard mapping for type 'AlfiskoSkin/MultiLineEditbox' using base type 'CEGUI/MultiLineEditbox', window renderer 'Core/MultiLineEditbox' Look'N'Feel 'AlfiskoSkin/MultiLineEditbox' and RenderEffect ''. (012FD418)
08/01/2017 02:05:00 (Std) 	Creating falagard mapping for type 'AlfiskoSkin/ProgressBar' using base type 'CEGUI/ProgressBar', window renderer 'Core/ProgressBar' Look'N'Feel 'AlfiskoSkin/ProgressBar' and RenderEffect ''. (012FD418)
08/01/2017 02:05:00 (Std) 	Creating falagard mapping for type 'AlfiskoSkin/HorizontalSliderThumb' using base type 'CEGUI/Thumb', window renderer 'Core/Button' Look'N'Feel 'AlfiskoSkin/HorizontalSliderThumb' and RenderEffect ''. (012FD418)
08/01/2017 02:05:00 (Std) 	Creating falagard mapping for type 'AlfiskoSkin/HorizontalSlider' using base type 'CEGUI/Slider', window renderer 'Core/Slider' Look'N'Feel 'AlfiskoSkin/HorizontalSlider' and RenderEffect ''. (012FD418)
08/01/2017 02:05:00 (Std) 	Creating falagard mapping for type 'AlfiskoSkin/VerticalSliderThumb' using base type 'CEGUI/Thumb', window renderer 'Core/Button' Look'N'Feel 'AlfiskoSkin/VerticalSliderThumb' and RenderEffect ''. (012FD418)
08/01/2017 02:05:00 (Std) 	Creating falagard mapping for type 'AlfiskoSkin/VerticalSlider' using base type 'CEGUI/Slider', window renderer 'Core/Slider' Look'N'Feel 'AlfiskoSkin/VerticalSlider' and RenderEffect ''. (012FD418)
08/01/2017 02:05:00 (Std) 	Creating falagard mapping for type 'AlfiskoSkin/MenuItem' using base type 'CEGUI/MenuItem', window renderer 'Core/MenuItem' Look'N'Feel 'AlfiskoSkin/MenuItem' and RenderEffect ''. (012FD418)
08/01/2017 02:05:00 (Info) 	---- Resource loading for GUI scheme 'AlfiskoSkin' completed ----
08/01/2017 02:05:00 (Info) 	---- Beginning loading of GUI layout from 'SimpleDebug.layout' ----
08/01/2017 02:05:00 (Info) 	Window 'DefaultWindow' of type 'DefaultWindow' has been created. (0C8F7B28)
08/01/2017 02:05:00 (Info) 	Window 'FrameWindow' of type 'AlfiskoSkin/FrameWindow' has been created. (0C8FAA38)
08/01/2017 02:05:00 (Info) 	Assigning the window renderer 'Core/FrameWindow' to the window 'FrameWindow'
08/01/2017 02:05:00 (Info) 	Assigning LookNFeel 'AlfiskoSkin/FrameWindow' to window 'FrameWindow'.
08/01/2017 02:05:00 (Info) 	Window '__auto_titlebar__' of type 'AlfiskoSkin/Titlebar' has been created. (0C902640)
08/01/2017 02:05:00 (Info) 	Assigning the window renderer 'Core/Titlebar' to the window '__auto_titlebar__'
08/01/2017 02:05:00 (Info) 	Assigning LookNFeel 'AlfiskoSkin/Titlebar' to window '__auto_titlebar__'.
08/01/2017 02:05:00 (Info) 	Window '__auto_closebutton__' of type 'AlfiskoSkin/ImageButton' has been created. (0C907578)
08/01/2017 02:05:00 (Info) 	Assigning the window renderer 'Core/Button' to the window '__auto_closebutton__'
08/01/2017 02:05:00 (Info) 	Assigning LookNFeel 'AlfiskoSkin/ImageButton' to window '__auto_closebutton__'.
08/01/2017 02:05:00 (Std) 	[OpenGLRenderer] Created texture: _ogl_tt_tex_0
08/01/2017 02:05:00 (Info) 	Window 'Button' of type 'AlfiskoSkin/Button' has been created. (0D9456C8)
08/01/2017 02:05:00 (Info) 	Assigning the window renderer 'Core/Button' to the window 'Button'
08/01/2017 02:05:00 (Info) 	Assigning LookNFeel 'AlfiskoSkin/Button' to window 'Button'.
08/01/2017 02:05:00 (Info) 	Window 'Button' of type 'AlfiskoSkin/Button' has been created. (0D946A18)
08/01/2017 02:05:00 (Info) 	Assigning the window renderer 'Core/Button' to the window 'Button'
08/01/2017 02:05:00 (Info) 	Assigning LookNFeel 'AlfiskoSkin/Button' to window 'Button'.
08/01/2017 02:05:00 (Info) 	Window 'Label' of type 'AlfiskoSkin/Label' has been created. (0D94BEB8)
08/01/2017 02:05:00 (Info) 	Assigning the window renderer 'Core/Default' to the window 'Label'
08/01/2017 02:05:00 (Info) 	Assigning LookNFeel 'AlfiskoSkin/Label' to window 'Label'.
08/01/2017 02:05:00 (Std) 	---- Successfully completed loading of GUI layout from 'SimpleDebug.layout' ----
08/01/2017 02:05:04 (Std) 	[OpenGLRenderer] Created texture: DejaVuSans-12_auto_glyph_images_32
